<?xml version="1.0" encoding="UTF-8"?>
<testng-results ignored="0" total="2" passed="2" failed="0" skipped="0">
  <reporter-output>
  </reporter-output>
  <suite started-at="2025-01-13T02:14:06 IST" name="PageTitleTestSuite" finished-at="2025-01-13T02:14:17 IST" duration-ms="10761">
    <groups>
    </groups>
    <test started-at="2025-01-13T02:14:06 IST" name="PageTitleTests" finished-at="2025-01-13T02:14:17 IST" duration-ms="10761">
      <class name="com.example.app.AppTest">
        <test-method is-config="true" signature="setup()[pri:0, instance:com.example.app.AppTest@45752059]" started-at="2025-01-13T02:14:06 IST" name="setup" finished-at="2025-01-13T02:14:08 IST" duration-ms="2225" status="PASS">
          <reporter-output>
          </reporter-output>
        </test-method> <!-- setup -->
        <test-method signature="testTitle1()[pri:0, instance:com.example.app.AppTest@45752059]" started-at="2025-01-13T02:14:08 IST" name="testTitle1" finished-at="2025-01-13T02:14:11 IST" duration-ms="2497" status="PASS">
          <reporter-output>
          </reporter-output>
        </test-method> <!-- testTitle1 -->
        <test-method is-config="true" signature="setup()[pri:0, instance:com.example.app.AppTest@45752059]" started-at="2025-01-13T02:14:11 IST" name="setup" finished-at="2025-01-13T02:14:12 IST" duration-ms="1390" status="PASS">
          <reporter-output>
          </reporter-output>
        </test-method> <!-- setup -->
        <test-method signature="testTitle2()[pri:0, instance:com.example.app.AppTest@45752059]" started-at="2025-01-13T02:14:12 IST" name="testTitle2" finished-at="2025-01-13T02:14:17 IST" duration-ms="4575" status="PASS">
          <reporter-output>
          </reporter-output>
        </test-method> <!-- testTitle2 -->
      </class> <!-- com.example.app.AppTest -->
    </test> <!-- PageTitleTests -->
  </suite> <!-- PageTitleTestSuite -->
</testng-results>
