<?xml version="1.0" encoding="UTF-8"?>
<testng-results ignored="0" total="2" passed="2" failed="0" skipped="0">
  <reporter-output>
  </reporter-output>
  <suite started-at="2025-01-14T13:17:54 IST" name="Default suite" finished-at="2025-01-14T13:18:02 IST" duration-ms="7663">
    <groups>
    </groups>
    <test started-at="2025-01-14T13:17:54 IST" name="Default test" finished-at="2025-01-14T13:18:02 IST" duration-ms="7663">
      <class name="com.example.app.AppTest">
        <test-method is-config="true" signature="setup()[pri:0, instance:com.example.app.AppTest@45752059]" started-at="2025-01-14T13:17:54 IST" name="setup" finished-at="2025-01-14T13:17:55 IST" duration-ms="1221" status="PASS">
          <reporter-output>
          </reporter-output>
        </test-method> <!-- setup -->
        <test-method signature="testTitle1()[pri:0, instance:com.example.app.AppTest@45752059]" started-at="2025-01-14T13:17:55 IST" name="testTitle1" finished-at="2025-01-14T13:17:57 IST" duration-ms="1725" status="PASS">
          <reporter-output>
          </reporter-output>
        </test-method> <!-- testTitle1 -->
        <test-method is-config="true" signature="setup()[pri:0, instance:com.example.app.AppTest@45752059]" started-at="2025-01-14T13:17:57 IST" name="setup" finished-at="2025-01-14T13:17:58 IST" duration-ms="607" status="PASS">
          <reporter-output>
          </reporter-output>
        </test-method> <!-- setup -->
        <test-method signature="testTitle2()[pri:0, instance:com.example.app.AppTest@45752059]" started-at="2025-01-14T13:17:58 IST" name="testTitle2" finished-at="2025-01-14T13:18:02 IST" duration-ms="4074" status="PASS">
          <reporter-output>
          </reporter-output>
        </test-method> <!-- testTitle2 -->
      </class> <!-- com.example.app.AppTest -->
    </test> <!-- Default test -->
  </suite> <!-- Default suite -->
</testng-results>
